0 info it worked if it ends with ok
1 verbose cli [ '/usr/local/bin/node',
1 verbose cli   '/usr/local/bin/npm',
1 verbose cli   'install',
1 verbose cli   'bootstrap' ]
2 info using npm@4.0.1
3 info using node@v6.9.1
4 verbose config Skipping project config: /Users/psharma/.npmrc. (matches userconfig)
5 silly loadCurrentTree Starting
6 silly install loadCurrentTree
7 silly install readLocalPackageData
8 silly fetchPackageMetaData bootstrap
9 silly fetchNamedPackageData bootstrap
10 silly mapToRegistry name bootstrap
11 silly mapToRegistry using default registry
12 silly mapToRegistry registry https://registry.npmjs.org/
13 silly mapToRegistry data Result {
13 silly mapToRegistry   raw: 'bootstrap',
13 silly mapToRegistry   scope: null,
13 silly mapToRegistry   escapedName: 'bootstrap',
13 silly mapToRegistry   name: 'bootstrap',
13 silly mapToRegistry   rawSpec: '',
13 silly mapToRegistry   spec: 'latest',
13 silly mapToRegistry   type: 'tag' }
14 silly mapToRegistry uri https://registry.npmjs.org/bootstrap
15 verbose request uri https://registry.npmjs.org/bootstrap
16 verbose request no auth needed
17 info attempt registry request try #1 at 3:23:32 AM
18 verbose request id ed78e7d1da9fb358
19 http request GET https://registry.npmjs.org/bootstrap
20 http 200 https://registry.npmjs.org/bootstrap
21 verbose headers { server: 'nginx/1.10.1',
21 verbose headers   'content-type': 'application/json',
21 verbose headers   'last-modified': 'Thu, 26 Jan 2017 17:14:07 GMT',
21 verbose headers   etag: 'W/"588a2e5f-c599"',
21 verbose headers   'content-encoding': 'gzip',
21 verbose headers   'cache-control': 'max-age=300',
21 verbose headers   'content-length': '9641',
21 verbose headers   'accept-ranges': 'bytes',
21 verbose headers   date: 'Mon, 06 Feb 2017 03:23:32 GMT',
21 verbose headers   via: '1.1 varnish',
21 verbose headers   age: '0',
21 verbose headers   connection: 'keep-alive',
21 verbose headers   'x-served-by': 'cache-lcy1121-LCY',
21 verbose headers   'x-cache': 'HIT',
21 verbose headers   'x-cache-hits': '1',
21 verbose headers   'x-timer': 'S1486351412.537240,VS0,VE17',
21 verbose headers   vary: 'Accept-Encoding' }
22 silly get cb [ 200,
22 silly get   { server: 'nginx/1.10.1',
22 silly get     'content-type': 'application/json',
22 silly get     'last-modified': 'Thu, 26 Jan 2017 17:14:07 GMT',
22 silly get     etag: 'W/"588a2e5f-c599"',
22 silly get     'content-encoding': 'gzip',
22 silly get     'cache-control': 'max-age=300',
22 silly get     'content-length': '9641',
22 silly get     'accept-ranges': 'bytes',
22 silly get     date: 'Mon, 06 Feb 2017 03:23:32 GMT',
22 silly get     via: '1.1 varnish',
22 silly get     age: '0',
22 silly get     connection: 'keep-alive',
22 silly get     'x-served-by': 'cache-lcy1121-LCY',
22 silly get     'x-cache': 'HIT',
22 silly get     'x-cache-hits': '1',
22 silly get     'x-timer': 'S1486351412.537240,VS0,VE17',
22 silly get     vary: 'Accept-Encoding' } ]
23 verbose get saving bootstrap to /Users/psharma/.npm/registry.npmjs.org/bootstrap/.cache.json
24 verbose correctMkdir /Users/psharma/.npm correctMkdir not in flight; initializing
25 silly install normalizeTree
26 silly loadCurrentTree Finishing
27 silly loadIdealTree Starting
28 silly install loadIdealTree
29 silly cloneCurrentTree Starting
30 silly install cloneCurrentTreeToIdealTree
31 silly cloneCurrentTree Finishing
32 silly loadShrinkwrap Starting
33 silly install loadShrinkwrap
34 silly loadShrinkwrap Finishing
35 silly loadAllDepsIntoIdealTree Starting
36 silly install loadAllDepsIntoIdealTree
37 silly resolveWithNewModule bootstrap@3.3.7 checking installable status
38 silly cache add args [ 'bootstrap', null ]
39 verbose cache add spec bootstrap
40 silly cache add parsed spec Result {
40 silly cache add   raw: 'bootstrap',
40 silly cache add   scope: null,
40 silly cache add   escapedName: 'bootstrap',
40 silly cache add   name: 'bootstrap',
40 silly cache add   rawSpec: '',
40 silly cache add   spec: 'latest',
40 silly cache add   type: 'tag' }
41 silly addNamed bootstrap@latest
42 verbose addNamed "latest" is being treated as a dist-tag for bootstrap
43 info addNameTag [ 'bootstrap', 'latest' ]
44 silly mapToRegistry name bootstrap
45 silly mapToRegistry using default registry
46 silly mapToRegistry registry https://registry.npmjs.org/
47 silly mapToRegistry data Result {
47 silly mapToRegistry   raw: 'bootstrap',
47 silly mapToRegistry   scope: null,
47 silly mapToRegistry   escapedName: 'bootstrap',
47 silly mapToRegistry   name: 'bootstrap',
47 silly mapToRegistry   rawSpec: '',
47 silly mapToRegistry   spec: 'latest',
47 silly mapToRegistry   type: 'tag' }
48 silly mapToRegistry uri https://registry.npmjs.org/bootstrap
49 verbose addNameTag registry:https://registry.npmjs.org/bootstrap not in flight; fetching
50 verbose get https://registry.npmjs.org/bootstrap not expired, no request
51 silly addNameTag next cb for bootstrap with tag latest
52 silly addNamed bootstrap@3.3.7
53 verbose addNamed "3.3.7" is a plain semver version for bootstrap
54 silly mapToRegistry name bootstrap
55 silly mapToRegistry using default registry
56 silly mapToRegistry registry https://registry.npmjs.org/
57 silly mapToRegistry data Result {
57 silly mapToRegistry   raw: 'bootstrap',
57 silly mapToRegistry   scope: null,
57 silly mapToRegistry   escapedName: 'bootstrap',
57 silly mapToRegistry   name: 'bootstrap',
57 silly mapToRegistry   rawSpec: '',
57 silly mapToRegistry   spec: 'latest',
57 silly mapToRegistry   type: 'tag' }
58 silly mapToRegistry uri https://registry.npmjs.org/bootstrap
59 verbose addRemoteTarball https://registry.npmjs.org/bootstrap/-/bootstrap-3.3.7.tgz not in flight; adding
60 verbose addRemoteTarball [ 'https://registry.npmjs.org/bootstrap/-/bootstrap-3.3.7.tgz',
60 verbose addRemoteTarball   '5a389394549f23330875a3b150656574f8a9eb71' ]
61 info retry fetch attempt 1 at 3:23:32 AM
62 info attempt registry request try #1 at 3:23:32 AM
63 http fetch GET https://registry.npmjs.org/bootstrap/-/bootstrap-3.3.7.tgz
64 http fetch 200 https://registry.npmjs.org/bootstrap/-/bootstrap-3.3.7.tgz
65 silly fetchAndShaCheck shasum 5a389394549f23330875a3b150656574f8a9eb71
66 verbose addTmpTarball /var/folders/ct/h2n8qrns2d77mdm6grlf61m00000gn/T/npm-1572-29ad5e88/registry.npmjs.org/bootstrap/-/bootstrap-3.3.7.tgz not in flight; adding
67 verbose addTmpTarball already have metadata; skipping unpack for bootstrap@3.3.7
68 verbose correctMkdir /Users/psharma/.npm correctMkdir not in flight; initializing
69 silly cache afterAdd bootstrap@3.3.7
70 verbose afterAdd /Users/psharma/.npm/bootstrap/3.3.7/package/package.json not in flight; writing
71 verbose correctMkdir /Users/psharma/.npm correctMkdir not in flight; initializing
72 verbose afterAdd /Users/psharma/.npm/bootstrap/3.3.7/package/package.json written
73 silly loadAllDepsIntoIdealTree Finishing
74 silly loadIdealTree Finishing
75 silly currentTree psharma
76 silly idealTree psharma
76 silly idealTree └── bootstrap@3.3.7
77 silly generateActionsToTake Starting
78 silly install generateActionsToTake
79 warn checkPermissions Missing write access to /Users/psharma/node_modules
80 silly rollbackFailedOptional Starting
81 silly rollbackFailedOptional Finishing
82 silly runTopLevelLifecycles Finishing
83 silly install printInstalled
84 warn enoent ENOENT: no such file or directory, open '/Users/psharma/package.json'
85 verbose enoent ENOENT: no such file or directory, open '/Users/psharma/package.json'
85 verbose enoent This is most likely not a problem with npm itself
85 verbose enoent and is related to npm not being able to find a file.
86 warn psharma No description
87 verbose If you need help, you may report this error at:
87 verbose     <https://github.com/npm/npm/issues>
88 warn psharma No repository field.
89 verbose If you need help, you may report this error at:
89 verbose     <https://github.com/npm/npm/issues>
90 warn psharma No README data
91 verbose If you need help, you may report this error at:
91 verbose     <https://github.com/npm/npm/issues>
92 warn psharma No license field.
93 verbose If you need help, you may report this error at:
93 verbose     <https://github.com/npm/npm/issues>
94 verbose stack Error: EACCES: permission denied, access '/Users/psharma/node_modules'
94 verbose stack     at Error (native)
95 verbose cwd /Users/psharma/portfolio_d1
96 error Darwin 15.6.0
97 error argv "/usr/local/bin/node" "/usr/local/bin/npm" "install" "bootstrap"
98 error node v6.9.1
99 error npm  v4.0.1
100 error path /Users/psharma/node_modules
101 error code EACCES
102 error errno -13
103 error syscall access
104 error Error: EACCES: permission denied, access '/Users/psharma/node_modules'
104 error     at Error (native)
104 error  { Error: EACCES: permission denied, access '/Users/psharma/node_modules'
104 error     at Error (native)
104 error   errno: -13,
104 error   code: 'EACCES',
104 error   syscall: 'access',
104 error   path: '/Users/psharma/node_modules' }
105 error Please try running this command again as root/Administrator.
106 verbose exit [ -13, true ]
